<?xml version="1.0" encoding="UTF-8"?>
<!-- Generated by org.testng.reporters.JUnitReportReporter -->
<testsuite hostname="DESKTOP-INA0PLA" failures="0" tests="7" name="Tests.RunnerClass" time="3.801" errors="0" timestamp="2024-06-28T03:24:40 IST" skipped="0">
  <testcase classname="Tests.RunnerClass" name="postMessage" time="3.289"/>
  <system-out/>
  <testcase classname="Tests.RunnerClass" name="getMessage" time="0.158"/>
  <system-out/>
  <testcase classname="Tests.RunnerClass" name="getListMessage" time="0.175"/>
  <system-out/>
  <testcase classname="Tests.RunnerClass" name="deleteMessage" time="0.072"/>
  <system-out/>
  <testcase classname="Tests.RunnerClass" name="postMessageWithInvalidRequestBody" time="0.044"/>
  <system-out/>
  <testcase classname="Tests.RunnerClass" name="getMessageWithInvalidMessageId" time="0.032"/>
  <system-out/>
  <testcase classname="Tests.RunnerClass" name="deleteMessageWithInvalidMessageId" time="0.031"/>
  <system-out/>
</testsuite> <!-- Tests.RunnerClass -->
